[2020-11-13 17:25:17.428] [exthost] [info] extension host started
[2020-11-13 17:25:17.591] [exthost] [info] ExtensionService#_doActivateExtension ms-vscode.cpptools {"startup":false,"extensionId":{"value":"ms-vscode.cpptools","_lower":"ms-vscode.cpptools"},"activationEvent":"onLanguage:cpp"}
[2020-11-13 17:25:17.591] [exthost] [info] ExtensionService#loadCommonJSModule file:///home/user/.vscode-oss/extensions/ms-vscode.cpptools-1.1.1/dist/main
[2020-11-13 17:25:17.669] [exthost] [info] ExtensionService#_doActivateExtension vscode.debug-auto-launch {"startup":true,"extensionId":{"value":"vscode.debug-auto-launch","_lower":"vscode.debug-auto-launch"},"activationEvent":"*"}
[2020-11-13 17:25:17.669] [exthost] [info] ExtensionService#loadCommonJSModule file:///usr/lib/code/extensions/debug-auto-launch/dist/extension
[2020-11-13 17:25:17.670] [exthost] [info] ExtensionService#_doActivateExtension vscode.emmet {"startup":true,"extensionId":{"value":"vscode.emmet","_lower":"vscode.emmet"},"activationEvent":"*"}
[2020-11-13 17:25:17.670] [exthost] [info] ExtensionService#loadCommonJSModule file:///usr/lib/code/extensions/emmet/dist/node/emmetNodeMain
[2020-11-13 17:25:17.681] [exthost] [info] ExtensionService#_doActivateExtension vscode.git {"startup":true,"extensionId":{"value":"vscode.github","_lower":"vscode.github"},"activationEvent":"*"}
[2020-11-13 17:25:17.681] [exthost] [info] ExtensionService#loadCommonJSModule file:///usr/lib/code/extensions/git/dist/main
[2020-11-13 17:25:17.699] [exthost] [info] ExtensionService#_doActivateExtension vscode.merge-conflict {"startup":true,"extensionId":{"value":"vscode.merge-conflict","_lower":"vscode.merge-conflict"},"activationEvent":"*"}
[2020-11-13 17:25:17.699] [exthost] [info] ExtensionService#loadCommonJSModule file:///usr/lib/code/extensions/merge-conflict/dist/mergeConflictMain
[2020-11-13 17:25:17.700] [exthost] [info] ExtensionService#_doActivateExtension vscode.search-result {"startup":true,"extensionId":{"value":"vscode.search-result","_lower":"vscode.search-result"},"activationEvent":"*"}
[2020-11-13 17:25:17.701] [exthost] [info] ExtensionService#loadCommonJSModule file:///usr/lib/code/extensions/search-result/dist/extension.js
[2020-11-13 17:25:17.701] [exthost] [info] ExtensionService#_doActivateExtension CoenraadS.bracket-pair-colorizer {"startup":true,"extensionId":{"value":"CoenraadS.bracket-pair-colorizer","_lower":"coenraads.bracket-pair-colorizer"},"activationEvent":"*"}
[2020-11-13 17:25:17.702] [exthost] [info] ExtensionService#loadCommonJSModule file:///home/user/.vscode-oss/extensions/coenraads.bracket-pair-colorizer-1.0.61/out/src/extension
[2020-11-13 17:25:17.714] [exthost] [info] ExtensionService#_doActivateExtension naumovs.color-highlight {"startup":true,"extensionId":{"value":"naumovs.color-highlight","_lower":"naumovs.color-highlight"},"activationEvent":"*"}
[2020-11-13 17:25:17.714] [exthost] [info] ExtensionService#loadCommonJSModule file:///home/user/.vscode-oss/extensions/naumovs.color-highlight-2.3.0/dist/extension
[2020-11-13 17:25:17.720] [exthost] [info] ExtensionService#_doActivateExtension streetsidesoftware.code-spell-checker {"startup":true,"extensionId":{"value":"streetsidesoftware.code-spell-checker","_lower":"streetsidesoftware.code-spell-checker"},"activationEvent":"*"}
[2020-11-13 17:25:17.720] [exthost] [info] ExtensionService#loadCommonJSModule file:///home/user/.vscode-oss/extensions/streetsidesoftware.code-spell-checker-1.9.2/dist/extension
[2020-11-13 17:25:17.738] [exthost] [info] ExtensionService#_doActivateExtension wayou.vscode-todo-highlight {"startup":true,"extensionId":{"value":"wayou.vscode-todo-highlight","_lower":"wayou.vscode-todo-highlight"},"activationEvent":"*"}
[2020-11-13 17:25:17.738] [exthost] [info] ExtensionService#loadCommonJSModule file:///home/user/.vscode-oss/extensions/wayou.vscode-todo-highlight-1.0.4/src/extension
[2020-11-13 17:25:18.265] [exthost] [info] ExtensionService#_doActivateExtension vscode.github {"startup":true,"extensionId":{"value":"vscode.github","_lower":"vscode.github"},"activationEvent":"*"}
[2020-11-13 17:25:18.265] [exthost] [info] ExtensionService#loadCommonJSModule file:///usr/lib/code/extensions/github/dist/extension.js
[2020-11-13 17:25:18.380] [exthost] [info] ExtensionService#_doActivateExtension vscode.configuration-editing {"startup":false,"extensionId":{"value":"vscode.configuration-editing","_lower":"vscode.configuration-editing"},"activationEvent":"onLanguage:json"}
[2020-11-13 17:25:18.380] [exthost] [info] ExtensionService#loadCommonJSModule file:///usr/lib/code/extensions/configuration-editing/dist/configurationEditingMain
[2020-11-13 17:25:18.382] [exthost] [info] ExtensionService#_doActivateExtension vscode.extension-editing {"startup":false,"extensionId":{"value":"vscode.extension-editing","_lower":"vscode.extension-editing"},"activationEvent":"onLanguage:json"}
[2020-11-13 17:25:18.382] [exthost] [info] ExtensionService#loadCommonJSModule file:///usr/lib/code/extensions/extension-editing/dist/extensionEditingMain
[2020-11-13 17:25:18.385] [exthost] [info] ExtensionService#_doActivateExtension vscode.json-language-features {"startup":false,"extensionId":{"value":"vscode.json-language-features","_lower":"vscode.json-language-features"},"activationEvent":"onLanguage:json"}
[2020-11-13 17:25:18.385] [exthost] [info] ExtensionService#loadCommonJSModule file:///usr/lib/code/extensions/json-language-features/client/dist/node/jsonClientMain
[2020-11-13 17:25:18.394] [exthost] [info] ExtensionService#_doActivateExtension ms-vscode.js-debug {"startup":false,"extensionId":{"value":"ms-vscode.js-debug","_lower":"ms-vscode.js-debug"},"activationEvent":"onLanguage:json"}
[2020-11-13 17:25:18.394] [exthost] [info] ExtensionService#loadCommonJSModule file:///usr/lib/code/extensions/ms-vscode.js-debug/src/extension.js
[2020-11-13 17:25:18.584] [exthost] [info] ExtensionService#_doActivateExtension vscode.npm {"startup":false,"extensionId":{"value":"vscode.npm","_lower":"vscode.npm"},"activationEvent":"onLanguage:json"}
[2020-11-13 17:25:18.585] [exthost] [info] ExtensionService#loadCommonJSModule file:///usr/lib/code/extensions/npm/dist/npmMain
[2020-11-13 17:25:18.665] [exthost] [info] ExtensionService#_doActivateExtension vscode.typescript-language-features {"startup":false,"extensionId":{"value":"vscode.typescript-language-features","_lower":"vscode.typescript-language-features"},"activationEvent":"onLanguage:jsonc"}
[2020-11-13 17:25:18.665] [exthost] [info] ExtensionService#loadCommonJSModule file:///usr/lib/code/extensions/typescript-language-features/dist/extension
[2020-11-13 17:25:18.858] [exthost] [info] eager extensions activated
[2020-11-13 17:29:53.975] [exthost] [error] [ms-vscode.cpptools] provider FAILED
[2020-11-13 17:29:53.976] [exthost] [error] undefined
[2020-11-13 17:29:55.215] [exthost] [error] [ms-vscode.cpptools] provider FAILED
[2020-11-13 17:29:55.215] [exthost] [error] undefined
[2020-11-13 17:29:55.742] [exthost] [error] [ms-vscode.cpptools] provider FAILED
[2020-11-13 17:29:55.742] [exthost] [error] undefined
[2020-11-13 17:30:08.589] [exthost] [error] [ms-vscode.cpptools] provider FAILED
[2020-11-13 17:30:08.589] [exthost] [error] undefined
[2020-11-13 17:30:26.961] [exthost] [error] [ms-vscode.cpptools] provider FAILED
[2020-11-13 17:30:26.961] [exthost] [error] undefined
[2020-11-13 17:30:37.000] [exthost] [error] [ms-vscode.cpptools] provider FAILED
[2020-11-13 17:30:37.000] [exthost] [error] undefined
[2020-11-13 17:30:51.364] [exthost] [error] [ms-vscode.cpptools] provider FAILED
[2020-11-13 17:30:51.364] [exthost] [error] undefined
[2020-11-13 17:30:52.435] [exthost] [error] [ms-vscode.cpptools] provider FAILED
[2020-11-13 17:30:52.435] [exthost] [error] undefined
[2020-11-13 17:30:58.718] [exthost] [error] [ms-vscode.cpptools] provider FAILED
[2020-11-13 17:30:58.718] [exthost] [error] undefined
[2020-11-13 17:31:11.299] [exthost] [error] [ms-vscode.cpptools] provider FAILED
[2020-11-13 17:31:11.299] [exthost] [error] undefined
[2020-11-13 17:31:52.622] [exthost] [error] [ms-vscode.cpptools] provider FAILED
[2020-11-13 17:31:52.622] [exthost] [error] undefined
[2020-11-13 17:32:01.100] [exthost] [error] [ms-vscode.cpptools] provider FAILED
[2020-11-13 17:32:01.100] [exthost] [error] undefined
[2020-11-13 17:32:10.339] [exthost] [error] [ms-vscode.cpptools] provider FAILED
[2020-11-13 17:32:10.339] [exthost] [error] undefined
